<?xml version="1.0" encoding="UTF-8"?>
<!-- Generated by org.testng.reporters.JUnitXMLReporter -->
<testsuite ignored="0" hostname="PK" failures="1" tests="1" name="Test" time="7.101" errors="0" timestamp="2024-02-03T18:01:37 IST">
  <testcase classname="com.mystore.datadriven.tests.DataDrivenLoginTest" name="verifyLoginTest" time="0.0">
    <failure type="java.lang.RuntimeException" message="java.lang.NegativeArraySizeException: -1">
      <![CDATA[java.lang.RuntimeException: java.lang.NegativeArraySizeException: -1
at java.base/java.util.ArrayList.forEach(ArrayList.java:1596)
Caused by: java.lang.NegativeArraySizeException: -1
at com.mystore.datadriven.tests.DataDrivenLoginTest.loginDataProvider(DataDrivenLoginTest.java:27)
... 25 more
... Removed 30 stack frames]]>
    </failure>
  </testcase> <!-- verifyLoginTest -->
</testsuite> <!-- Test -->
